<?xml version="1.0" encoding="UTF-8"?>
<coverage generated="1549560446136" clover="3.2.0">
  <project timestamp="1549560446137" name="All files">
    <metrics statements="5" coveredstatements="5" conditionals="0" coveredconditionals="0" methods="1" coveredmethods="1" elements="6" coveredelements="6" complexity="0" loc="5" ncloc="5" packages="2" files="3" classes="3"/>
    <package name="src">
      <metrics statements="1" coveredstatements="1" conditionals="0" coveredconditionals="0" methods="0" coveredmethods="0"/>
      <file name="setup-jest.ts" path="/home/dhivakaran/Dhivakaran/workspace/Angular-Setup/src/setup-jest.ts">
        <metrics statements="1" coveredstatements="1" conditionals="0" coveredconditionals="0" methods="0" coveredmethods="0"/>
        <line num="1" count="1" type="stmt"/>
      </file>
    </package>
    <package name="src.app">
      <metrics statements="4" coveredstatements="4" conditionals="0" coveredconditionals="0" methods="1" coveredmethods="1"/>
      <file name="app.component.html" path="/home/dhivakaran/Dhivakaran/workspace/Angular-Setup/src/app/app.component.html">
        <metrics statements="1" coveredstatements="1" conditionals="0" coveredconditionals="0" methods="0" coveredmethods="0"/>
        <line num="1" count="1" type="stmt"/>
      </file>
      <file name="app.component.ts" path="/home/dhivakaran/Dhivakaran/workspace/Angular-Setup/src/app/app.component.ts">
        <metrics statements="3" coveredstatements="3" conditionals="0" coveredconditionals="0" methods="1" coveredmethods="1"/>
        <line num="1" count="1" type="stmt"/>
        <line num="7" count="1" type="stmt"/>
        <line num="9" count="1" type="stmt"/>
      </file>
    </package>
  </project>
</coverage>
