{
  "/home/dhivakaran/Dhivakaran/workspace/Angular-Setup/src/app/app.component.html": {
    "data": {
      "path": "/home/dhivakaran/Dhivakaran/workspace/Angular-Setup/src/app/app.component.html",
      "statementMap": {
        "0": {
          "start": { "line": 1, "column": 0 },
          "end": { "line": 1, "column": 489 }
        }
      },
      "fnMap": {},
      "branchMap": {},
      "s": { "0": 1 },
      "f": {},
      "b": {},
      "_coverageSchema": "43e27e138ebf9cfc5966b082cf9a028302ed4184",
      "hash": "055f3bf58354f554993ebcdcaa38b24a2df26410"
    }
  },
  "/home/dhivakaran/Dhivakaran/workspace/Angular-Setup/src/app/app.component.ts": {
    "path": "/home/dhivakaran/Dhivakaran/workspace/Angular-Setup/src/app/app.component.ts",
    "statementMap": {
      "0": {
        "start": { "line": 1, "column": 0 },
        "end": { "line": 1, "column": 42 }
      },
      "1": {
        "start": { "line": 2, "column": 0 },
        "end": { "line": 2, "column": null }
      },
      "2": {
        "start": { "line": 28, "column": 0 },
        "end": { "line": 28, "column": 13 }
      },
      "3": {
        "start": { "line": 28, "column": 13 },
        "end": { "line": 30, "column": null }
      },
      "4": {
        "start": { "line": 30, "column": 0 },
        "end": { "line": 30, "column": null }
      },
      "5": {
        "start": { "line": 28, "column": 13 },
        "end": { "line": 28, "column": 25 }
      }
    },
    "fnMap": {
      "0": {
        "name": "AppComponent",
        "decl": {
          "start": { "line": 29, "column": 2 },
          "end": { "line": 29, "column": 17 }
        },
        "loc": {
          "start": { "line": 29, "column": 2 },
          "end": { "line": 29, "column": 18 }
        }
      }
    },
    "branchMap": {},
    "s": { "0": 1, "1": 1, "2": 1, "3": 1, "4": 1, "5": 1 },
    "f": { "0": 1 },
    "b": {}
  }
}
