{"/home/dhivakaran/Dhivakaran/Backup/workspace/Angular-Setup/src/environment.ts": {"path":"/home/dhivakaran/Dhivakaran/Backup/workspace/Angular-Setup/src/environment.ts","statementMap":{"0":{"start":{"line":1,"column":13},"end":{"line":3,"column":2}}},"fnMap":{},"branchMap":{},"s":{"0":1},"f":{},"b":{}}
,"/home/dhivakaran/Dhivakaran/Backup/workspace/Angular-Setup/src/app/app.component.html": {"path":"/home/dhivakaran/Dhivakaran/Backup/workspace/Angular-Setup/src/app/app.component.html","statementMap":{"0":{"start":{"line":1,"column":0},"end":{"line":1,"column":431}}},"fnMap":{},"branchMap":{},"s":{"0":1},"f":{},"b":{},"_coverageSchema":"43e27e138ebf9cfc5966b082cf9a028302ed4184","hash":"c9a5d8f35b6781f5a2b272f97608f5b8adcf45b1"}
,"/home/dhivakaran/Dhivakaran/Backup/workspace/Angular-Setup/src/app/app.component.ts": {"path":"/home/dhivakaran/Dhivakaran/Backup/workspace/Angular-Setup/src/app/app.component.ts","statementMap":{"0":{"start":{"line":1,"column":0},"end":{"line":1,"column":42}},"1":{"start":{"line":2,"column":0},"end":{"line":2,"column":null}},"2":{"start":{"line":9,"column":0},"end":{"line":9,"column":45}},"3":{"start":{"line":30,"column":0},"end":{"line":30,"column":13}},"4":{"start":{"line":33,"column":4},"end":{"line":37,"column":13}},"5":{"start":{"line":30,"column":13},"end":{"line":39,"column":null}},"6":{"start":{"line":39,"column":0},"end":{"line":39,"column":null}},"7":{"start":{"line":30,"column":13},"end":{"line":30,"column":25}}},"fnMap":{"0":{"name":"AppComponent","decl":{"start":{"line":32,"column":2},"end":{"line":32,"column":null}},"loc":{"start":{"line":32,"column":2},"end":{"line":38,"column":3}}}},"branchMap":{"0":{"loc":{"start":{"line":34,"column":9},"end":{"line":36,"column":76}},"type":"cond-expr","locations":[{"start":{"line":34,"column":9},"end":{"line":36,"column":76}},{"start":{"line":37,"column":8},"end":{"line":37,"column":12}}]}},"s":{"0":1,"1":1,"2":1,"3":1,"4":1,"5":1,"6":1,"7":1},"f":{"0":1},"b":{"0":[1,0]}}
}
