TN:
SF:/home/dhivakaran/Dhivakaran/Backup/workspace/Angular-Setup/src/environment.ts
FNF:0
FNH:0
DA:1,1
LF:1
LH:1
BRF:0
BRH:0
end_of_record
TN:
SF:/home/dhivakaran/Dhivakaran/Backup/workspace/Angular-Setup/src/app/app.component.html
FNF:0
FNH:0
DA:1,1
LF:1
LH:1
BRF:0
BRH:0
end_of_record
TN:
SF:/home/dhivakaran/Dhivakaran/Backup/workspace/Angular-Setup/src/app/app.component.ts
FN:32,AppComponent
FNF:1
FNH:1
FNDA:1,AppComponent
DA:1,1
DA:2,1
DA:9,1
DA:30,1
DA:33,1
DA:39,1
LF:6
LH:6
BRDA:34,0,0,1
BRDA:34,0,1,0
BRF:2
BRH:1
end_of_record
